2019-07-24 10:24:13.769  INFO 9404 --- [main] com.sugon.FirstHiveDemoApplication       : Starting FirstHiveDemoApplication on dongsong with PID 9404 (G:\AAsugon\FirstSBH\FirstHiveDemo\target\classes started by dongsong in G:\AAsugon\FirstSBH\FirstHiveDemo)
2019-07-24 10:24:13.772  INFO 9404 --- [main] com.sugon.FirstHiveDemoApplication       : No active profile set, falling back to default profiles: default
2019-07-24 10:24:14.129  WARN 9404 --- [main] o.m.s.mapper.ClassPathMapperScanner      : No MyBatis mapper was found in '[com.sugon.dao.mapper]' package. Please check your configuration.
2019-07-24 10:24:14.485  INFO 9404 --- [main] trationDelegate$BeanPostProcessorChecker : Bean 'org.springframework.ws.config.annotation.DelegatingWsConfiguration' of type [org.springframework.ws.config.annotation.DelegatingWsConfiguration$$EnhancerBySpringCGLIB$$9954b813] is not eligible for getting processed by all BeanPostProcessors (for example: not eligible for auto-proxying)
2019-07-24 10:24:14.515  INFO 9404 --- [main] .w.s.a.s.AnnotationActionEndpointMapping : Supporting [WS-Addressing August 2004, WS-Addressing 1.0]
2019-07-24 10:24:14.754  INFO 9404 --- [main] o.s.b.w.embedded.tomcat.TomcatWebServer  : Tomcat initialized with port(s): 8000 (http)
2019-07-24 10:24:14.772  INFO 9404 --- [main] o.apache.catalina.core.StandardService   : Starting service [Tomcat]
2019-07-24 10:24:14.772  INFO 9404 --- [main] org.apache.catalina.core.StandardEngine  : Starting Servlet engine: [Apache Tomcat/9.0.21]
2019-07-24 10:24:14.858  INFO 9404 --- [main] o.a.c.c.C.[Tomcat].[localhost].[/]       : Initializing Spring embedded WebApplicationContext
2019-07-24 10:24:14.858 DEBUG 9404 --- [main] o.s.web.context.ContextLoader            : Published root WebApplicationContext as ServletContext attribute with name [org.springframework.web.context.WebApplicationContext.ROOT]
2019-07-24 10:24:14.859  INFO 9404 --- [main] o.s.web.context.ContextLoader            : Root WebApplicationContext: initialization completed in 1046 ms
2019-07-24 10:24:15.374 DEBUG 9404 --- [main] o.s.w.s.handler.SimpleUrlHandlerMapping  : Patterns [/**/favicon.ico] in 'faviconHandlerMapping'
2019-07-24 10:24:15.460  INFO 9404 --- [main] o.s.s.concurrent.ThreadPoolTaskExecutor  : Initializing ExecutorService 'applicationTaskExecutor'
2019-07-24 10:24:15.469 DEBUG 9404 --- [main] s.w.s.m.m.a.RequestMappingHandlerAdapter : ControllerAdvice beans: 0 @ModelAttribute, 0 @InitBinder, 1 RequestBodyAdvice, 1 ResponseBodyAdvice
2019-07-24 10:24:15.514 DEBUG 9404 --- [main] s.w.s.m.m.a.RequestMappingHandlerMapping : 6 mappings in 'requestMappingHandlerMapping'
2019-07-24 10:24:15.586 DEBUG 9404 --- [main] o.s.w.s.handler.SimpleUrlHandlerMapping  : Patterns [/webjars/**, /**] in 'resourceHandlerMapping'
2019-07-24 10:24:15.594 DEBUG 9404 --- [main] .m.m.a.ExceptionHandlerExceptionResolver : ControllerAdvice beans: 0 @ExceptionHandler, 1 ResponseBodyAdvice
2019-07-24 10:24:15.906  INFO 9404 --- [main] o.s.b.w.embedded.tomcat.TomcatWebServer  : Tomcat started on port(s): 8000 (http) with context path ''
2019-07-24 10:24:15.909  INFO 9404 --- [main] com.sugon.FirstHiveDemoApplication       : Started FirstHiveDemoApplication in 2.515 seconds (JVM running for 3.244)
2019-07-24 10:25:25.402  INFO 9404 --- [http-nio-8000-exec-1] o.a.c.c.C.[Tomcat].[localhost].[/]       : Initializing Spring DispatcherServlet 'dispatcherServlet'
2019-07-24 10:25:25.403  INFO 9404 --- [http-nio-8000-exec-1] o.s.web.servlet.DispatcherServlet        : Initializing Servlet 'dispatcherServlet'
2019-07-24 10:25:25.403 DEBUG 9404 --- [http-nio-8000-exec-1] o.s.web.servlet.DispatcherServlet        : Detected StandardServletMultipartResolver
2019-07-24 10:25:25.414 DEBUG 9404 --- [http-nio-8000-exec-1] o.s.web.servlet.DispatcherServlet        : enableLoggingRequestDetails='false': request parameters and headers will be masked to prevent unsafe logging of potentially sensitive data
2019-07-24 10:25:25.414  INFO 9404 --- [http-nio-8000-exec-1] o.s.web.servlet.DispatcherServlet        : Completed initialization in 11 ms
2019-07-24 10:25:25.436 DEBUG 9404 --- [http-nio-8000-exec-1] o.s.web.servlet.DispatcherServlet        : GET "/per/a", parameters={}
2019-07-24 10:25:25.460 DEBUG 9404 --- [http-nio-8000-exec-1] s.w.s.m.m.a.RequestMappingHandlerMapping : Mapped to public java.lang.String com.sugon.controller.PersonController.ddd()
2019-07-24 10:25:25.507  INFO 9404 --- [http-nio-8000-exec-1] com.zaxxer.hikari.HikariDataSource       : HikariPool-1 - Starting...
2019-07-24 10:25:25.742  INFO 9404 --- [http-nio-8000-exec-1] com.zaxxer.hikari.HikariDataSource       : HikariPool-1 - Start completed.
2019-07-24 10:25:25.983 DEBUG 9404 --- [http-nio-8000-exec-1] m.m.a.RequestResponseBodyMethodProcessor : Using 'application/json;charset=UTF-8;q=0.8', given [text/html, application/xhtml+xml, application/xml;q=0.9, */*;q=0.8] and supported [application/json;charset=UTF-8]
2019-07-24 10:25:25.984 DEBUG 9404 --- [http-nio-8000-exec-1] m.m.a.RequestResponseBodyMethodProcessor : Writing ["[{"age":"48","id":18,"name":"乐助"}]"]
2019-07-24 10:25:26.007 DEBUG 9404 --- [http-nio-8000-exec-1] o.s.web.servlet.DispatcherServlet        : Completed 200 OK
2019-07-24 10:28:49.997  INFO 9404 --- [RMI TCP Connection(2)-127.0.0.1] inMXBeanRegistrar$SpringApplicationAdmin : Application shutdown requested.
2019-07-24 10:28:50.000  INFO 9404 --- [RMI TCP Connection(2)-127.0.0.1] o.s.s.concurrent.ThreadPoolTaskExecutor  : Shutting down ExecutorService 'applicationTaskExecutor'
2019-07-24 10:28:50.000  INFO 9404 --- [RMI TCP Connection(2)-127.0.0.1] com.zaxxer.hikari.HikariDataSource       : HikariPool-1 - Shutdown initiated...
2019-07-24 10:28:50.014  INFO 9404 --- [RMI TCP Connection(2)-127.0.0.1] com.zaxxer.hikari.HikariDataSource       : HikariPool-1 - Shutdown completed.
2019-07-24 10:28:55.624  INFO 2792 --- [main] com.sugon.FirstHiveDemoApplication       : Starting FirstHiveDemoApplication on dongsong with PID 2792 (G:\AAsugon\FirstSBH\FirstHiveDemo\target\classes started by dongsong in G:\AAsugon\FirstSBH\FirstHiveDemo)
2019-07-24 10:28:55.626  INFO 2792 --- [main] com.sugon.FirstHiveDemoApplication       : No active profile set, falling back to default profiles: default
2019-07-24 10:28:55.974  WARN 2792 --- [main] o.m.s.mapper.ClassPathMapperScanner      : No MyBatis mapper was found in '[com.sugon.dao.mapper]' package. Please check your configuration.
2019-07-24 10:28:56.357  INFO 2792 --- [main] trationDelegate$BeanPostProcessorChecker : Bean 'org.springframework.ws.config.annotation.DelegatingWsConfiguration' of type [org.springframework.ws.config.annotation.DelegatingWsConfiguration$$EnhancerBySpringCGLIB$$1c77b146] is not eligible for getting processed by all BeanPostProcessors (for example: not eligible for auto-proxying)
2019-07-24 10:28:56.388  INFO 2792 --- [main] .w.s.a.s.AnnotationActionEndpointMapping : Supporting [WS-Addressing August 2004, WS-Addressing 1.0]
2019-07-24 10:28:56.670  INFO 2792 --- [main] o.s.b.w.embedded.tomcat.TomcatWebServer  : Tomcat initialized with port(s): 8000 (http)
2019-07-24 10:28:56.711  INFO 2792 --- [main] o.apache.catalina.core.StandardService   : Starting service [Tomcat]
2019-07-24 10:28:56.712  INFO 2792 --- [main] org.apache.catalina.core.StandardEngine  : Starting Servlet engine: [Apache Tomcat/9.0.21]
2019-07-24 10:28:56.835  INFO 2792 --- [main] o.a.c.c.C.[Tomcat].[localhost].[/]       : Initializing Spring embedded WebApplicationContext
2019-07-24 10:28:56.835 DEBUG 2792 --- [main] o.s.web.context.ContextLoader            : Published root WebApplicationContext as ServletContext attribute with name [org.springframework.web.context.WebApplicationContext.ROOT]
2019-07-24 10:28:56.835  INFO 2792 --- [main] o.s.web.context.ContextLoader            : Root WebApplicationContext: initialization completed in 1168 ms
2019-07-24 10:28:57.224 DEBUG 2792 --- [main] o.s.w.s.handler.SimpleUrlHandlerMapping  : Patterns [/**/favicon.ico] in 'faviconHandlerMapping'
2019-07-24 10:28:57.309  INFO 2792 --- [main] o.s.s.concurrent.ThreadPoolTaskExecutor  : Initializing ExecutorService 'applicationTaskExecutor'
2019-07-24 10:28:57.319 DEBUG 2792 --- [main] s.w.s.m.m.a.RequestMappingHandlerAdapter : ControllerAdvice beans: 0 @ModelAttribute, 0 @InitBinder, 1 RequestBodyAdvice, 1 ResponseBodyAdvice
2019-07-24 10:28:57.361 DEBUG 2792 --- [main] s.w.s.m.m.a.RequestMappingHandlerMapping : 6 mappings in 'requestMappingHandlerMapping'
2019-07-24 10:28:57.432 DEBUG 2792 --- [main] o.s.w.s.handler.SimpleUrlHandlerMapping  : Patterns [/webjars/**, /**] in 'resourceHandlerMapping'
2019-07-24 10:28:57.441 DEBUG 2792 --- [main] .m.m.a.ExceptionHandlerExceptionResolver : ControllerAdvice beans: 0 @ExceptionHandler, 1 ResponseBodyAdvice
2019-07-24 10:28:57.606  INFO 2792 --- [main] o.s.b.w.embedded.tomcat.TomcatWebServer  : Tomcat started on port(s): 8000 (http) with context path ''
2019-07-24 10:28:57.608  INFO 2792 --- [main] com.sugon.FirstHiveDemoApplication       : Started FirstHiveDemoApplication in 2.269 seconds (JVM running for 3.057)
2019-07-24 10:29:31.851  INFO 2792 --- [http-nio-8000-exec-1] o.a.c.c.C.[Tomcat].[localhost].[/]       : Initializing Spring DispatcherServlet 'dispatcherServlet'
2019-07-24 10:29:31.851  INFO 2792 --- [http-nio-8000-exec-1] o.s.web.servlet.DispatcherServlet        : Initializing Servlet 'dispatcherServlet'
2019-07-24 10:29:31.851 DEBUG 2792 --- [http-nio-8000-exec-1] o.s.web.servlet.DispatcherServlet        : Detected StandardServletMultipartResolver
2019-07-24 10:29:31.857 DEBUG 2792 --- [http-nio-8000-exec-1] o.s.web.servlet.DispatcherServlet        : enableLoggingRequestDetails='false': request parameters and headers will be masked to prevent unsafe logging of potentially sensitive data
2019-07-24 10:29:31.857  INFO 2792 --- [http-nio-8000-exec-1] o.s.web.servlet.DispatcherServlet        : Completed initialization in 6 ms
2019-07-24 10:29:31.865 DEBUG 2792 --- [http-nio-8000-exec-1] o.s.web.servlet.DispatcherServlet        : GET "/per/a", parameters={}
2019-07-24 10:29:31.870 DEBUG 2792 --- [http-nio-8000-exec-1] s.w.s.m.m.a.RequestMappingHandlerMapping : Mapped to public java.lang.String com.sugon.controller.PersonController.ddd()
2019-07-24 10:29:31.890  INFO 2792 --- [http-nio-8000-exec-1] com.zaxxer.hikari.HikariDataSource       : HikariPool-1 - Starting...
2019-07-24 10:29:31.996  INFO 2792 --- [http-nio-8000-exec-1] com.zaxxer.hikari.HikariDataSource       : HikariPool-1 - Start completed.
2019-07-24 10:29:32.112 DEBUG 2792 --- [http-nio-8000-exec-1] m.m.a.RequestResponseBodyMethodProcessor : Using 'application/json;charset=UTF-8;q=0.8', given [text/html, application/xhtml+xml, application/xml;q=0.9, */*;q=0.8] and supported [application/json;charset=UTF-8]
2019-07-24 10:29:32.112 DEBUG 2792 --- [http-nio-8000-exec-1] m.m.a.RequestResponseBodyMethodProcessor : Writing ["[{"age":"48","id":18,"name":"乐助"}]"]
2019-07-24 10:29:32.122 DEBUG 2792 --- [http-nio-8000-exec-1] o.s.web.servlet.DispatcherServlet        : Completed 200 OK
2019-07-24 10:30:13.426  INFO 2792 --- [RMI TCP Connection(2)-127.0.0.1] inMXBeanRegistrar$SpringApplicationAdmin : Application shutdown requested.
2019-07-24 10:30:13.428  INFO 2792 --- [RMI TCP Connection(2)-127.0.0.1] o.s.s.concurrent.ThreadPoolTaskExecutor  : Shutting down ExecutorService 'applicationTaskExecutor'
2019-07-24 10:30:13.429  INFO 2792 --- [RMI TCP Connection(2)-127.0.0.1] com.zaxxer.hikari.HikariDataSource       : HikariPool-1 - Shutdown initiated...
2019-07-24 10:30:13.444  INFO 2792 --- [RMI TCP Connection(2)-127.0.0.1] com.zaxxer.hikari.HikariDataSource       : HikariPool-1 - Shutdown completed.
2019-07-24 10:30:23.726  INFO 7800 --- [main] com.sugon.FirstHiveDemoApplication       : Starting FirstHiveDemoApplication on dongsong with PID 7800 (G:\AAsugon\FirstSBH\FirstHiveDemo\target\classes started by dongsong in G:\AAsugon\FirstSBH\FirstHiveDemo)
2019-07-24 10:30:23.729  INFO 7800 --- [main] com.sugon.FirstHiveDemoApplication       : No active profile set, falling back to default profiles: default
2019-07-24 10:30:24.092  WARN 7800 --- [main] o.m.s.mapper.ClassPathMapperScanner      : No MyBatis mapper was found in '[com.sugon.dao.mapper]' package. Please check your configuration.
2019-07-24 10:30:24.456  INFO 7800 --- [main] trationDelegate$BeanPostProcessorChecker : Bean 'org.springframework.ws.config.annotation.DelegatingWsConfiguration' of type [org.springframework.ws.config.annotation.DelegatingWsConfiguration$$EnhancerBySpringCGLIB$$e2e29317] is not eligible for getting processed by all BeanPostProcessors (for example: not eligible for auto-proxying)
2019-07-24 10:30:24.492  INFO 7800 --- [main] .w.s.a.s.AnnotationActionEndpointMapping : Supporting [WS-Addressing August 2004, WS-Addressing 1.0]
2019-07-24 10:30:24.706  INFO 7800 --- [main] o.s.b.w.embedded.tomcat.TomcatWebServer  : Tomcat initialized with port(s): 8000 (http)
2019-07-24 10:30:24.722  INFO 7800 --- [main] o.apache.catalina.core.StandardService   : Starting service [Tomcat]
2019-07-24 10:30:24.722  INFO 7800 --- [main] org.apache.catalina.core.StandardEngine  : Starting Servlet engine: [Apache Tomcat/9.0.21]
2019-07-24 10:30:24.802  INFO 7800 --- [main] o.a.c.c.C.[Tomcat].[localhost].[/]       : Initializing Spring embedded WebApplicationContext
2019-07-24 10:30:24.803 DEBUG 7800 --- [main] o.s.web.context.ContextLoader            : Published root WebApplicationContext as ServletContext attribute with name [org.springframework.web.context.WebApplicationContext.ROOT]
2019-07-24 10:30:24.803  INFO 7800 --- [main] o.s.web.context.ContextLoader            : Root WebApplicationContext: initialization completed in 1034 ms
2019-07-24 10:30:25.116 DEBUG 7800 --- [main] o.s.w.s.handler.SimpleUrlHandlerMapping  : Patterns [/**/favicon.ico] in 'faviconHandlerMapping'
2019-07-24 10:30:25.203  INFO 7800 --- [main] o.s.s.concurrent.ThreadPoolTaskExecutor  : Initializing ExecutorService 'applicationTaskExecutor'
2019-07-24 10:30:25.212 DEBUG 7800 --- [main] s.w.s.m.m.a.RequestMappingHandlerAdapter : ControllerAdvice beans: 0 @ModelAttribute, 0 @InitBinder, 1 RequestBodyAdvice, 1 ResponseBodyAdvice
2019-07-24 10:30:25.249 DEBUG 7800 --- [main] s.w.s.m.m.a.RequestMappingHandlerMapping : 6 mappings in 'requestMappingHandlerMapping'
2019-07-24 10:30:25.317 DEBUG 7800 --- [main] o.s.w.s.handler.SimpleUrlHandlerMapping  : Patterns [/webjars/**, /**] in 'resourceHandlerMapping'
2019-07-24 10:30:25.324 DEBUG 7800 --- [main] .m.m.a.ExceptionHandlerExceptionResolver : ControllerAdvice beans: 0 @ExceptionHandler, 1 ResponseBodyAdvice
2019-07-24 10:30:25.471  INFO 7800 --- [main] o.s.b.w.embedded.tomcat.TomcatWebServer  : Tomcat started on port(s): 8000 (http) with context path ''
2019-07-24 10:30:25.475  INFO 7800 --- [main] com.sugon.FirstHiveDemoApplication       : Started FirstHiveDemoApplication in 2.037 seconds (JVM running for 2.724)
2019-07-24 10:30:28.805  INFO 7800 --- [http-nio-8000-exec-1] o.a.c.c.C.[Tomcat].[localhost].[/]       : Initializing Spring DispatcherServlet 'dispatcherServlet'
2019-07-24 10:30:28.806  INFO 7800 --- [http-nio-8000-exec-1] o.s.web.servlet.DispatcherServlet        : Initializing Servlet 'dispatcherServlet'
2019-07-24 10:30:28.806 DEBUG 7800 --- [http-nio-8000-exec-1] o.s.web.servlet.DispatcherServlet        : Detected StandardServletMultipartResolver
2019-07-24 10:30:28.810 DEBUG 7800 --- [http-nio-8000-exec-1] o.s.web.servlet.DispatcherServlet        : enableLoggingRequestDetails='false': request parameters and headers will be masked to prevent unsafe logging of potentially sensitive data
2019-07-24 10:30:28.810  INFO 7800 --- [http-nio-8000-exec-1] o.s.web.servlet.DispatcherServlet        : Completed initialization in 4 ms
2019-07-24 10:30:28.820 DEBUG 7800 --- [http-nio-8000-exec-1] o.s.web.servlet.DispatcherServlet        : GET "/per/a", parameters={}
2019-07-24 10:30:28.825 DEBUG 7800 --- [http-nio-8000-exec-1] s.w.s.m.m.a.RequestMappingHandlerMapping : Mapped to public java.lang.String com.sugon.controller.PersonController.ddd()
2019-07-24 10:30:28.841  INFO 7800 --- [http-nio-8000-exec-1] com.zaxxer.hikari.HikariDataSource       : HikariPool-1 - Starting...
2019-07-24 10:30:28.962  INFO 7800 --- [http-nio-8000-exec-1] com.zaxxer.hikari.HikariDataSource       : HikariPool-1 - Start completed.
2019-07-24 10:30:29.070 DEBUG 7800 --- [http-nio-8000-exec-1] m.m.a.RequestResponseBodyMethodProcessor : Using 'application/json;charset=UTF-8;q=0.8', given [text/html, application/xhtml+xml, application/xml;q=0.9, */*;q=0.8] and supported [application/json;charset=UTF-8]
2019-07-24 10:30:29.070 DEBUG 7800 --- [http-nio-8000-exec-1] m.m.a.RequestResponseBodyMethodProcessor : Writing ["[{"age":"48","id":18,"name":"乐助"}]"]
2019-07-24 10:30:29.081 DEBUG 7800 --- [http-nio-8000-exec-1] o.s.web.servlet.DispatcherServlet        : Completed 200 OK
2019-07-24 10:31:08.572  INFO 7800 --- [RMI TCP Connection(2)-127.0.0.1] inMXBeanRegistrar$SpringApplicationAdmin : Application shutdown requested.
2019-07-24 10:31:08.574  INFO 7800 --- [RMI TCP Connection(2)-127.0.0.1] o.s.s.concurrent.ThreadPoolTaskExecutor  : Shutting down ExecutorService 'applicationTaskExecutor'
2019-07-24 10:31:08.575  INFO 7800 --- [RMI TCP Connection(2)-127.0.0.1] com.zaxxer.hikari.HikariDataSource       : HikariPool-1 - Shutdown initiated...
2019-07-24 10:31:08.586  INFO 7800 --- [RMI TCP Connection(2)-127.0.0.1] com.zaxxer.hikari.HikariDataSource       : HikariPool-1 - Shutdown completed.
2019-07-24 10:31:38.908  INFO 13612 --- [main] com.sugon.FirstHiveDemoApplication       : Starting FirstHiveDemoApplication on dongsong with PID 13612 (G:\AAsugon\FirstSBH\FirstHiveDemo\target\classes started by dongsong in G:\AAsugon\FirstSBH\FirstHiveDemo)
2019-07-24 10:31:38.921  INFO 13612 --- [main] com.sugon.FirstHiveDemoApplication       : No active profile set, falling back to default profiles: default
2019-07-24 10:31:39.269  WARN 13612 --- [main] o.m.s.mapper.ClassPathMapperScanner      : No MyBatis mapper was found in '[com.sugon.dao.mapper]' package. Please check your configuration.
2019-07-24 10:31:39.595  INFO 13612 --- [main] trationDelegate$BeanPostProcessorChecker : Bean 'org.springframework.ws.config.annotation.DelegatingWsConfiguration' of type [org.springframework.ws.config.annotation.DelegatingWsConfiguration$$EnhancerBySpringCGLIB$$9cbe1569] is not eligible for getting processed by all BeanPostProcessors (for example: not eligible for auto-proxying)
2019-07-24 10:31:39.621  INFO 13612 --- [main] .w.s.a.s.AnnotationActionEndpointMapping : Supporting [WS-Addressing August 2004, WS-Addressing 1.0]
2019-07-24 10:31:39.822  INFO 13612 --- [main] o.s.b.w.embedded.tomcat.TomcatWebServer  : Tomcat initialized with port(s): 8000 (http)
2019-07-24 10:31:39.839  INFO 13612 --- [main] o.apache.catalina.core.StandardService   : Starting service [Tomcat]
2019-07-24 10:31:39.839  INFO 13612 --- [main] org.apache.catalina.core.StandardEngine  : Starting Servlet engine: [Apache Tomcat/9.0.21]
2019-07-24 10:31:39.919  INFO 13612 --- [main] o.a.c.c.C.[Tomcat].[localhost].[/]       : Initializing Spring embedded WebApplicationContext
2019-07-24 10:31:39.920 DEBUG 13612 --- [main] o.s.web.context.ContextLoader            : Published root WebApplicationContext as ServletContext attribute with name [org.springframework.web.context.WebApplicationContext.ROOT]
2019-07-24 10:31:39.920  INFO 13612 --- [main] o.s.web.context.ContextLoader            : Root WebApplicationContext: initialization completed in 966 ms
2019-07-24 10:31:40.254 DEBUG 13612 --- [main] o.s.w.s.handler.SimpleUrlHandlerMapping  : Patterns [/**/favicon.ico] in 'faviconHandlerMapping'
2019-07-24 10:31:40.342  INFO 13612 --- [main] o.s.s.concurrent.ThreadPoolTaskExecutor  : Initializing ExecutorService 'applicationTaskExecutor'
2019-07-24 10:31:40.352 DEBUG 13612 --- [main] s.w.s.m.m.a.RequestMappingHandlerAdapter : ControllerAdvice beans: 0 @ModelAttribute, 0 @InitBinder, 1 RequestBodyAdvice, 1 ResponseBodyAdvice
2019-07-24 10:31:40.452 DEBUG 13612 --- [main] s.w.s.m.m.a.RequestMappingHandlerMapping : 6 mappings in 'requestMappingHandlerMapping'
2019-07-24 10:31:40.463 DEBUG 13612 --- [main] o.s.w.s.handler.SimpleUrlHandlerMapping  : Patterns [/webjars/**, /**] in 'resourceHandlerMapping'
2019-07-24 10:31:40.470 DEBUG 13612 --- [main] .m.m.a.ExceptionHandlerExceptionResolver : ControllerAdvice beans: 0 @ExceptionHandler, 1 ResponseBodyAdvice
2019-07-24 10:31:40.623  INFO 13612 --- [main] o.s.b.w.embedded.tomcat.TomcatWebServer  : Tomcat started on port(s): 8000 (http) with context path ''
2019-07-24 10:31:40.626  INFO 13612 --- [main] com.sugon.FirstHiveDemoApplication       : Started FirstHiveDemoApplication in 2.002 seconds (JVM running for 2.712)
2019-07-24 10:31:43.351  INFO 13612 --- [http-nio-8000-exec-1] o.a.c.c.C.[Tomcat].[localhost].[/]       : Initializing Spring DispatcherServlet 'dispatcherServlet'
2019-07-24 10:31:43.351  INFO 13612 --- [http-nio-8000-exec-1] o.s.web.servlet.DispatcherServlet        : Initializing Servlet 'dispatcherServlet'
2019-07-24 10:31:43.351 DEBUG 13612 --- [http-nio-8000-exec-1] o.s.web.servlet.DispatcherServlet        : Detected StandardServletMultipartResolver
2019-07-24 10:31:43.356 DEBUG 13612 --- [http-nio-8000-exec-1] o.s.web.servlet.DispatcherServlet        : enableLoggingRequestDetails='false': request parameters and headers will be masked to prevent unsafe logging of potentially sensitive data
2019-07-24 10:31:43.356  INFO 13612 --- [http-nio-8000-exec-1] o.s.web.servlet.DispatcherServlet        : Completed initialization in 5 ms
2019-07-24 10:31:43.365 DEBUG 13612 --- [http-nio-8000-exec-1] o.s.web.servlet.DispatcherServlet        : GET "/per/a", parameters={}
2019-07-24 10:31:43.370 DEBUG 13612 --- [http-nio-8000-exec-1] s.w.s.m.m.a.RequestMappingHandlerMapping : Mapped to public java.lang.String com.sugon.controller.PersonController.ddd()
2019-07-24 10:31:43.389  INFO 13612 --- [http-nio-8000-exec-1] com.zaxxer.hikari.HikariDataSource       : HikariPool-1 - Starting...
2019-07-24 10:31:43.497  INFO 13612 --- [http-nio-8000-exec-1] com.zaxxer.hikari.HikariDataSource       : HikariPool-1 - Start completed.
2019-07-24 10:31:43.604 DEBUG 13612 --- [http-nio-8000-exec-1] m.m.a.RequestResponseBodyMethodProcessor : Using 'application/json;charset=UTF-8;q=0.8', given [text/html, application/xhtml+xml, application/xml;q=0.9, */*;q=0.8] and supported [application/json;charset=UTF-8]
2019-07-24 10:31:43.604 DEBUG 13612 --- [http-nio-8000-exec-1] m.m.a.RequestResponseBodyMethodProcessor : Writing ["[{"age":"48","id":18,"name":"乐助"}]"]
2019-07-24 10:31:43.615 DEBUG 13612 --- [http-nio-8000-exec-1] o.s.web.servlet.DispatcherServlet        : Completed 200 OK
2019-07-24 10:50:01.216  INFO 13612 --- [RMI TCP Connection(2)-127.0.0.1] inMXBeanRegistrar$SpringApplicationAdmin : Application shutdown requested.
2019-07-24 10:50:01.220  INFO 13612 --- [RMI TCP Connection(2)-127.0.0.1] o.s.s.concurrent.ThreadPoolTaskExecutor  : Shutting down ExecutorService 'applicationTaskExecutor'
2019-07-24 10:50:01.221  INFO 13612 --- [RMI TCP Connection(2)-127.0.0.1] com.zaxxer.hikari.HikariDataSource       : HikariPool-1 - Shutdown initiated...
2019-07-24 10:50:01.234  INFO 13612 --- [RMI TCP Connection(2)-127.0.0.1] com.zaxxer.hikari.HikariDataSource       : HikariPool-1 - Shutdown completed.
